<?xml version="1.0" encoding="UTF-8"?>
<!-- Generated by org.testng.reporters.JUnitXMLReporter -->
<testsuite ignored="0" hostname="Arman" failures="1" tests="15" name="Test" time="87.13" errors="0" timestamp="2023-04-28T17:07:12 EDT">
  <testcase classname="testcases.SearchTest" name="verifySearchWithValidProduct" time="0.715"/>
  <testcase classname="testcases.SearchTest" name="verifySearchWithInvalidProduct" time="0.479"/>
  <testcase classname="testcases.SearchTest" name="verifySearchWithoutAnyProduct" time="0.455"/>
  <testcase classname="testcases.LoginTest" name="verifyLoginWithValidCredentials" time="1.272"/>
  <testcase classname="testcases.LoginTest" name="verifyLoginWithInvalidCredentials" time="0.969">
    <failure type="java.lang.AssertionError" message="Expected Warning Message is not displayed expected [true] but found [false]">
      <![CDATA[java.lang.AssertionError: Expected Warning Message is not displayed expected [true] but found [false]
at testcases.LoginTest.verifyLoginWithInvalidCredentials(LoginTest.java:37)
at java.base/java.util.ArrayList.forEach(ArrayList.java:1511)
... Removed 30 stack frames]]>
    </failure>
  </testcase> <!-- verifyLoginWithInvalidCredentials -->
  <testcase classname="testcases.LoginTest" name="verifyLoginWithInvalidEmailAndValidPassword" time="1.066"/>
  <testcase classname="testcases.LoginTest" name="verifyLoginWithValidEmailAndInvalidPassword" time="1.007"/>
  <testcase classname="testcases.LoginTest" name="verifyLoginWithEmptyBoxes" time="0.904"/>
  <testcase classname="testcases.LoginTest" name="verifyLoginWithEmptyEmailBoxAndValidPasswod" time="0.956"/>
  <testcase classname="testcases.LoginTest" name="verifyLoginWithEmptyPasswordBoxAndValidEmail" time="0.999"/>
  <testcase classname="testcases.RegistrationTest" name="FillingAllMondatoryFieldsWithValidCredentials" time="2.077"/>
  <testcase classname="testcases.RegistrationTest" name="verifyRegistrationWithoutFillingAnyDetails" time="1.207"/>
  <testcase classname="testcases.RegistrationTest" name="FillingRegistrationFormWithEmptyEmailBox" time="1.58"/>
  <testcase classname="testcases.RegistrationTest" name="FillingRegistrationFormWithRegisteredEmail" time="1.631"/>
  <testcase classname="testcases.RegistrationTest" name="FillingRegistrationFormWithInvalidPassword" time="1.654"/>
</testsuite> <!-- Test -->
