<?xml version="1.0" encoding="UTF-8"?>
<testng-results ignored="0" total="15" passed="14" failed="1" skipped="0">
  <reporter-output>
  </reporter-output>
  <suite started-at="2023-04-28T17:05:45 EDT" name="Suite" finished-at="2023-04-28T17:07:12 EDT" duration-ms="87130">
    <groups>
    </groups>
    <test started-at="2023-04-28T17:05:45 EDT" name="Test" finished-at="2023-04-28T17:07:12 EDT" duration-ms="87130">
      <class name="testcases.LoginTest">
        <test-method is-config="true" signature="setUp()[pri:0, instance:testcases.LoginTest@5a45133e]" started-at="2023-04-28T17:06:02 EDT" name="setUp" finished-at="2023-04-28T17:06:06 EDT" duration-ms="4471" status="PASS">
          <reporter-output>
          </reporter-output>
        </test-method> <!-- setUp -->
        <test-method signature="verifyLoginWithValidCredentials()[pri:1, instance:testcases.LoginTest@5a45133e]" started-at="2023-04-28T17:06:06 EDT" name="verifyLoginWithValidCredentials" finished-at="2023-04-28T17:06:07 EDT" duration-ms="1272" status="PASS">
          <reporter-output>
          </reporter-output>
        </test-method> <!-- verifyLoginWithValidCredentials -->
        <test-method is-config="true" signature="tearDown()[pri:0, instance:testcases.LoginTest@5a45133e]" started-at="2023-04-28T17:06:07 EDT" name="tearDown" finished-at="2023-04-28T17:06:08 EDT" duration-ms="133" status="PASS">
          <reporter-output>
          </reporter-output>
        </test-method> <!-- tearDown -->
        <test-method is-config="true" signature="setUp()[pri:0, instance:testcases.LoginTest@5a45133e]" started-at="2023-04-28T17:06:08 EDT" name="setUp" finished-at="2023-04-28T17:06:12 EDT" duration-ms="4420" status="PASS">
          <reporter-output>
          </reporter-output>
        </test-method> <!-- setUp -->
        <test-method signature="verifyLoginWithInvalidCredentials()[pri:2, instance:testcases.LoginTest@5a45133e]" started-at="2023-04-28T17:06:12 EDT" name="verifyLoginWithInvalidCredentials" finished-at="2023-04-28T17:06:13 EDT" duration-ms="969" status="FAIL">
          <exception class="java.lang.AssertionError">
            <message>
              <![CDATA[Expected Warning Message is not displayed expected [true] but found [false]]]>
            </message>
            <full-stacktrace>
              <![CDATA[java.lang.AssertionError: Expected Warning Message is not displayed expected [true] but found [false]
at org.testng.Assert.fail(Assert.java:99)
at org.testng.Assert.failNotEquals(Assert.java:1037)
at org.testng.Assert.assertTrue(Assert.java:45)
at testcases.LoginTest.verifyLoginWithInvalidCredentials(LoginTest.java:37)
at java.base/jdk.internal.reflect.NativeMethodAccessorImpl.invoke0(Native Method)
at java.base/jdk.internal.reflect.NativeMethodAccessorImpl.invoke(NativeMethodAccessorImpl.java:77)
at java.base/jdk.internal.reflect.DelegatingMethodAccessorImpl.invoke(DelegatingMethodAccessorImpl.java:43)
at java.base/java.lang.reflect.Method.invoke(Method.java:568)
at org.testng.internal.MethodInvocationHelper.invokeMethod(MethodInvocationHelper.java:133)
at org.testng.internal.TestInvoker.invokeMethod(TestInvoker.java:598)
at org.testng.internal.TestInvoker.invokeTestMethod(TestInvoker.java:173)
at org.testng.internal.MethodRunner.runInSequence(MethodRunner.java:46)
at org.testng.internal.TestInvoker$MethodInvocationAgent.invoke(TestInvoker.java:824)
at org.testng.internal.TestInvoker.invokeTestMethods(TestInvoker.java:146)
at org.testng.internal.TestMethodWorker.invokeTestMethods(TestMethodWorker.java:146)
at org.testng.internal.TestMethodWorker.run(TestMethodWorker.java:128)
at java.base/java.util.ArrayList.forEach(ArrayList.java:1511)
at org.testng.TestRunner.privateRun(TestRunner.java:794)
at org.testng.TestRunner.run(TestRunner.java:596)
at org.testng.SuiteRunner.runTest(SuiteRunner.java:377)
at org.testng.SuiteRunner.runSequentially(SuiteRunner.java:371)
at org.testng.SuiteRunner.privateRun(SuiteRunner.java:332)
at org.testng.SuiteRunner.run(SuiteRunner.java:276)
at org.testng.SuiteRunnerWorker.runSuite(SuiteRunnerWorker.java:53)
at org.testng.SuiteRunnerWorker.run(SuiteRunnerWorker.java:96)
at org.testng.TestNG.runSuitesSequentially(TestNG.java:1212)
at org.testng.TestNG.runSuitesLocally(TestNG.java:1134)
at org.testng.TestNG.runSuites(TestNG.java:1063)
at org.testng.TestNG.run(TestNG.java:1031)
at org.testng.remote.AbstractRemoteTestNG.run(AbstractRemoteTestNG.java:115)
at org.testng.remote.RemoteTestNG.initAndRun(RemoteTestNG.java:251)
at org.testng.remote.RemoteTestNG.main(RemoteTestNG.java:77)
]]>
            </full-stacktrace>
          </exception> <!-- java.lang.AssertionError -->
          <reporter-output>
          </reporter-output>
        </test-method> <!-- verifyLoginWithInvalidCredentials -->
        <test-method is-config="true" signature="tearDown()[pri:0, instance:testcases.LoginTest@5a45133e]" started-at="2023-04-28T17:06:13 EDT" name="tearDown" finished-at="2023-04-28T17:06:13 EDT" duration-ms="129" status="PASS">
          <reporter-output>
          </reporter-output>
        </test-method> <!-- tearDown -->
        <test-method is-config="true" signature="setUp()[pri:0, instance:testcases.LoginTest@5a45133e]" started-at="2023-04-28T17:06:13 EDT" name="setUp" finished-at="2023-04-28T17:06:18 EDT" duration-ms="4531" status="PASS">
          <reporter-output>
          </reporter-output>
        </test-method> <!-- setUp -->
        <test-method signature="verifyLoginWithInvalidEmailAndValidPassword()[pri:3, instance:testcases.LoginTest@5a45133e]" started-at="2023-04-28T17:06:18 EDT" name="verifyLoginWithInvalidEmailAndValidPassword" finished-at="2023-04-28T17:06:19 EDT" duration-ms="1066" status="PASS">
          <reporter-output>
          </reporter-output>
        </test-method> <!-- verifyLoginWithInvalidEmailAndValidPassword -->
        <test-method is-config="true" signature="tearDown()[pri:0, instance:testcases.LoginTest@5a45133e]" started-at="2023-04-28T17:06:19 EDT" name="tearDown" finished-at="2023-04-28T17:06:19 EDT" duration-ms="126" status="PASS">
          <reporter-output>
          </reporter-output>
        </test-method> <!-- tearDown -->
        <test-method is-config="true" signature="setUp()[pri:0, instance:testcases.LoginTest@5a45133e]" started-at="2023-04-28T17:06:19 EDT" name="setUp" finished-at="2023-04-28T17:06:23 EDT" duration-ms="4418" status="PASS">
          <reporter-output>
          </reporter-output>
        </test-method> <!-- setUp -->
        <test-method signature="verifyLoginWithValidEmailAndInvalidPassword()[pri:4, instance:testcases.LoginTest@5a45133e]" started-at="2023-04-28T17:06:23 EDT" name="verifyLoginWithValidEmailAndInvalidPassword" finished-at="2023-04-28T17:06:24 EDT" duration-ms="1007" status="PASS">
          <reporter-output>
          </reporter-output>
        </test-method> <!-- verifyLoginWithValidEmailAndInvalidPassword -->
        <test-method is-config="true" signature="tearDown()[pri:0, instance:testcases.LoginTest@5a45133e]" started-at="2023-04-28T17:06:24 EDT" name="tearDown" finished-at="2023-04-28T17:06:24 EDT" duration-ms="114" status="PASS">
          <reporter-output>
          </reporter-output>
        </test-method> <!-- tearDown -->
        <test-method is-config="true" signature="setUp()[pri:0, instance:testcases.LoginTest@5a45133e]" started-at="2023-04-28T17:06:24 EDT" name="setUp" finished-at="2023-04-28T17:06:29 EDT" duration-ms="4434" status="PASS">
          <reporter-output>
          </reporter-output>
        </test-method> <!-- setUp -->
        <test-method signature="verifyLoginWithEmptyBoxes()[pri:5, instance:testcases.LoginTest@5a45133e]" started-at="2023-04-28T17:06:29 EDT" name="verifyLoginWithEmptyBoxes" finished-at="2023-04-28T17:06:30 EDT" duration-ms="904" status="PASS">
          <reporter-output>
          </reporter-output>
        </test-method> <!-- verifyLoginWithEmptyBoxes -->
        <test-method is-config="true" signature="tearDown()[pri:0, instance:testcases.LoginTest@5a45133e]" started-at="2023-04-28T17:06:30 EDT" name="tearDown" finished-at="2023-04-28T17:06:30 EDT" duration-ms="113" status="PASS">
          <reporter-output>
          </reporter-output>
        </test-method> <!-- tearDown -->
        <test-method is-config="true" signature="setUp()[pri:0, instance:testcases.LoginTest@5a45133e]" started-at="2023-04-28T17:06:30 EDT" name="setUp" finished-at="2023-04-28T17:06:34 EDT" duration-ms="4508" status="PASS">
          <reporter-output>
          </reporter-output>
        </test-method> <!-- setUp -->
        <test-method signature="verifyLoginWithEmptyEmailBoxAndValidPasswod()[pri:6, instance:testcases.LoginTest@5a45133e]" started-at="2023-04-28T17:06:34 EDT" name="verifyLoginWithEmptyEmailBoxAndValidPasswod" finished-at="2023-04-28T17:06:35 EDT" duration-ms="956" status="PASS">
          <reporter-output>
          </reporter-output>
        </test-method> <!-- verifyLoginWithEmptyEmailBoxAndValidPasswod -->
        <test-method is-config="true" signature="tearDown()[pri:0, instance:testcases.LoginTest@5a45133e]" started-at="2023-04-28T17:06:35 EDT" name="tearDown" finished-at="2023-04-28T17:06:35 EDT" duration-ms="114" status="PASS">
          <reporter-output>
          </reporter-output>
        </test-method> <!-- tearDown -->
        <test-method is-config="true" signature="setUp()[pri:0, instance:testcases.LoginTest@5a45133e]" started-at="2023-04-28T17:06:35 EDT" name="setUp" finished-at="2023-04-28T17:06:40 EDT" duration-ms="4514" status="PASS">
          <reporter-output>
          </reporter-output>
        </test-method> <!-- setUp -->
        <test-method signature="verifyLoginWithEmptyPasswordBoxAndValidEmail()[pri:7, instance:testcases.LoginTest@5a45133e]" started-at="2023-04-28T17:06:40 EDT" name="verifyLoginWithEmptyPasswordBoxAndValidEmail" finished-at="2023-04-28T17:06:41 EDT" duration-ms="999" status="PASS">
          <reporter-output>
          </reporter-output>
        </test-method> <!-- verifyLoginWithEmptyPasswordBoxAndValidEmail -->
        <test-method is-config="true" signature="tearDown()[pri:0, instance:testcases.LoginTest@5a45133e]" started-at="2023-04-28T17:06:41 EDT" name="tearDown" finished-at="2023-04-28T17:06:41 EDT" duration-ms="120" status="PASS">
          <reporter-output>
          </reporter-output>
        </test-method> <!-- tearDown -->
      </class> <!-- testcases.LoginTest -->
      <class name="testcases.SearchTest">
        <test-method is-config="true" signature="setUp()[pri:0, instance:testcases.SearchTest@3ee37e5a]" started-at="2023-04-28T17:05:45 EDT" name="setUp" finished-at="2023-04-28T17:05:51 EDT" duration-ms="6020" status="PASS">
          <reporter-output>
          </reporter-output>
        </test-method> <!-- setUp -->
        <test-method signature="verifySearchWithValidProduct()[pri:1, instance:testcases.SearchTest@3ee37e5a]" started-at="2023-04-28T17:05:51 EDT" name="verifySearchWithValidProduct" finished-at="2023-04-28T17:05:52 EDT" duration-ms="715" status="PASS">
          <reporter-output>
          </reporter-output>
        </test-method> <!-- verifySearchWithValidProduct -->
        <test-method is-config="true" signature="tearDown()[pri:0, instance:testcases.SearchTest@3ee37e5a]" started-at="2023-04-28T17:05:52 EDT" name="tearDown" finished-at="2023-04-28T17:05:52 EDT" duration-ms="145" status="PASS">
          <reporter-output>
          </reporter-output>
        </test-method> <!-- tearDown -->
        <test-method is-config="true" signature="setUp()[pri:0, instance:testcases.SearchTest@3ee37e5a]" started-at="2023-04-28T17:05:52 EDT" name="setUp" finished-at="2023-04-28T17:05:56 EDT" duration-ms="4556" status="PASS">
          <reporter-output>
          </reporter-output>
        </test-method> <!-- setUp -->
        <test-method signature="verifySearchWithInvalidProduct()[pri:2, instance:testcases.SearchTest@3ee37e5a]" started-at="2023-04-28T17:05:56 EDT" name="verifySearchWithInvalidProduct" finished-at="2023-04-28T17:05:57 EDT" duration-ms="479" status="PASS">
          <reporter-output>
          </reporter-output>
        </test-method> <!-- verifySearchWithInvalidProduct -->
        <test-method is-config="true" signature="tearDown()[pri:0, instance:testcases.SearchTest@3ee37e5a]" started-at="2023-04-28T17:05:57 EDT" name="tearDown" finished-at="2023-04-28T17:05:57 EDT" duration-ms="134" status="PASS">
          <reporter-output>
          </reporter-output>
        </test-method> <!-- tearDown -->
        <test-method is-config="true" signature="setUp()[pri:0, instance:testcases.SearchTest@3ee37e5a]" started-at="2023-04-28T17:05:57 EDT" name="setUp" finished-at="2023-04-28T17:06:01 EDT" duration-ms="4214" status="PASS">
          <reporter-output>
          </reporter-output>
        </test-method> <!-- setUp -->
        <test-method signature="verifySearchWithoutAnyProduct()[pri:3, instance:testcases.SearchTest@3ee37e5a]" started-at="2023-04-28T17:06:01 EDT" name="verifySearchWithoutAnyProduct" finished-at="2023-04-28T17:06:02 EDT" duration-ms="455" status="PASS">
          <reporter-output>
          </reporter-output>
        </test-method> <!-- verifySearchWithoutAnyProduct -->
        <test-method is-config="true" signature="tearDown()[pri:0, instance:testcases.SearchTest@3ee37e5a]" started-at="2023-04-28T17:06:02 EDT" name="tearDown" finished-at="2023-04-28T17:06:02 EDT" duration-ms="137" status="PASS">
          <reporter-output>
          </reporter-output>
        </test-method> <!-- tearDown -->
      </class> <!-- testcases.SearchTest -->
      <class name="testcases.RegistrationTest">
        <test-method is-config="true" signature="setUp()[pri:0, instance:testcases.RegistrationTest@534a5a98]" started-at="2023-04-28T17:06:41 EDT" name="setUp" finished-at="2023-04-28T17:06:45 EDT" duration-ms="4421" status="PASS">
          <reporter-output>
          </reporter-output>
        </test-method> <!-- setUp -->
        <test-method signature="FillingAllMondatoryFieldsWithValidCredentials()[pri:1, instance:testcases.RegistrationTest@534a5a98]" started-at="2023-04-28T17:06:45 EDT" name="FillingAllMondatoryFieldsWithValidCredentials" finished-at="2023-04-28T17:06:47 EDT" duration-ms="2077" status="PASS">
          <reporter-output>
          </reporter-output>
        </test-method> <!-- FillingAllMondatoryFieldsWithValidCredentials -->
        <test-method is-config="true" signature="tearDown()[pri:0, instance:testcases.RegistrationTest@534a5a98]" started-at="2023-04-28T17:06:47 EDT" name="tearDown" finished-at="2023-04-28T17:06:48 EDT" duration-ms="116" status="PASS">
          <reporter-output>
          </reporter-output>
        </test-method> <!-- tearDown -->
        <test-method is-config="true" signature="setUp()[pri:0, instance:testcases.RegistrationTest@534a5a98]" started-at="2023-04-28T17:06:48 EDT" name="setUp" finished-at="2023-04-28T17:06:52 EDT" duration-ms="4512" status="PASS">
          <reporter-output>
          </reporter-output>
        </test-method> <!-- setUp -->
        <test-method signature="verifyRegistrationWithoutFillingAnyDetails()[pri:2, instance:testcases.RegistrationTest@534a5a98]" started-at="2023-04-28T17:06:52 EDT" name="verifyRegistrationWithoutFillingAnyDetails" finished-at="2023-04-28T17:06:53 EDT" duration-ms="1207" status="PASS">
          <reporter-output>
          </reporter-output>
        </test-method> <!-- verifyRegistrationWithoutFillingAnyDetails -->
        <test-method is-config="true" signature="tearDown()[pri:0, instance:testcases.RegistrationTest@534a5a98]" started-at="2023-04-28T17:06:53 EDT" name="tearDown" finished-at="2023-04-28T17:06:53 EDT" duration-ms="102" status="PASS">
          <reporter-output>
          </reporter-output>
        </test-method> <!-- tearDown -->
        <test-method is-config="true" signature="setUp()[pri:0, instance:testcases.RegistrationTest@534a5a98]" started-at="2023-04-28T17:06:53 EDT" name="setUp" finished-at="2023-04-28T17:06:58 EDT" duration-ms="4353" status="PASS">
          <reporter-output>
          </reporter-output>
        </test-method> <!-- setUp -->
        <test-method signature="FillingRegistrationFormWithEmptyEmailBox()[pri:3, instance:testcases.RegistrationTest@534a5a98]" started-at="2023-04-28T17:06:58 EDT" name="FillingRegistrationFormWithEmptyEmailBox" finished-at="2023-04-28T17:06:59 EDT" duration-ms="1580" status="PASS">
          <reporter-output>
          </reporter-output>
        </test-method> <!-- FillingRegistrationFormWithEmptyEmailBox -->
        <test-method is-config="true" signature="tearDown()[pri:0, instance:testcases.RegistrationTest@534a5a98]" started-at="2023-04-28T17:06:59 EDT" name="tearDown" finished-at="2023-04-28T17:06:59 EDT" duration-ms="115" status="PASS">
          <reporter-output>
          </reporter-output>
        </test-method> <!-- tearDown -->
        <test-method is-config="true" signature="setUp()[pri:0, instance:testcases.RegistrationTest@534a5a98]" started-at="2023-04-28T17:06:59 EDT" name="setUp" finished-at="2023-04-28T17:07:04 EDT" duration-ms="4502" status="PASS">
          <reporter-output>
          </reporter-output>
        </test-method> <!-- setUp -->
        <test-method signature="FillingRegistrationFormWithRegisteredEmail()[pri:4, instance:testcases.RegistrationTest@534a5a98]" started-at="2023-04-28T17:07:04 EDT" name="FillingRegistrationFormWithRegisteredEmail" finished-at="2023-04-28T17:07:06 EDT" duration-ms="1631" status="PASS">
          <reporter-output>
          </reporter-output>
        </test-method> <!-- FillingRegistrationFormWithRegisteredEmail -->
        <test-method is-config="true" signature="tearDown()[pri:0, instance:testcases.RegistrationTest@534a5a98]" started-at="2023-04-28T17:07:06 EDT" name="tearDown" finished-at="2023-04-28T17:07:06 EDT" duration-ms="117" status="PASS">
          <reporter-output>
          </reporter-output>
        </test-method> <!-- tearDown -->
        <test-method is-config="true" signature="setUp()[pri:0, instance:testcases.RegistrationTest@534a5a98]" started-at="2023-04-28T17:07:06 EDT" name="setUp" finished-at="2023-04-28T17:07:10 EDT" duration-ms="4389" status="PASS">
          <reporter-output>
          </reporter-output>
        </test-method> <!-- setUp -->
        <test-method signature="FillingRegistrationFormWithInvalidPassword()[pri:5, instance:testcases.RegistrationTest@534a5a98]" started-at="2023-04-28T17:07:10 EDT" name="FillingRegistrationFormWithInvalidPassword" finished-at="2023-04-28T17:07:12 EDT" duration-ms="1654" status="PASS">
          <reporter-output>
          </reporter-output>
        </test-method> <!-- FillingRegistrationFormWithInvalidPassword -->
        <test-method is-config="true" signature="tearDown()[pri:0, instance:testcases.RegistrationTest@534a5a98]" started-at="2023-04-28T17:07:12 EDT" name="tearDown" finished-at="2023-04-28T17:07:12 EDT" duration-ms="125" status="PASS">
          <reporter-output>
          </reporter-output>
        </test-method> <!-- tearDown -->
      </class> <!-- testcases.RegistrationTest -->
    </test> <!-- Test -->
  </suite> <!-- Suite -->
</testng-results>
